# JRE version: Java(TM) SE Runtime Environment (8.0_66-b17) (build 1.8.0_66-b17)
# Java VM: Java HotSpot(TM) 64-Bit Server VM (25.66-b17 mixed mode linux-amd64 compressed oops)
Heap:
 PSYoungGen      total 214528K, used 91931K [0x00000000e1800000, 0x00000000f2000000, 0x0000000100000000)
  eden space 202752K, 39% used [0x00000000e1800000,0x00000000e6646fb8,0x00000000ede00000)
  from space 11776K, 99% used [0x00000000eed80000,0x00000000ef8fffa0,0x00000000ef900000)
  to   space 15872K, 0% used [0x00000000ede00000,0x00000000ede00000,0x00000000eed80000)
 ParOldGen       total 81408K, used 30924K [0x00000000a4800000, 0x00000000a9780000, 0x00000000e1800000)
  object space 81408K, 37% used [0x00000000a4800000,0x00000000a66330a8,0x00000000a9780000)
 Metaspace       used 52688K, capacity 53094K, committed 53632K, reserved 1095680K
  class space    used 6627K, capacity 6766K, committed 6784K, reserved 1048576K
GC Heap History (10 events):
Event: 2.268 GC heap before
{Heap before GC invocations=8 (full 1):
 PSYoungGen      total 104448K, used 7983K [0x00000000e1800000, 0x00000000ee500000, 0x0000000100000000)
  eden space 96256K, 0% used [0x00000000e1800000,0x00000000e1800000,0x00000000e7600000)
  from space 8192K, 97% used [0x00000000e7600000,0x00000000e7dcbf98,0x00000000e7e00000)
  to   space 8704K, 0% used [0x00000000edc80000,0x00000000edc80000,0x00000000ee500000)
 ParOldGen       total 62976K, used 14863K [0x00000000a4800000, 0x00000000a8580000, 0x00000000e1800000)
  object space 62976K, 23% used [0x00000000a4800000,0x00000000a5683c98,0x00000000a8580000)
 Metaspace       used 20933K, capacity 21154K, committed 21296K, reserved 1069056K
  class space    used 2544K, capacity 2619K, committed 2688K, reserved 1048576K
Event: 2.306 GC heap after
Heap after GC invocations=8 (full 1):
 PSYoungGen      total 104448K, used 0K [0x00000000e1800000, 0x00000000ee500000, 0x0000000100000000)
  eden space 96256K, 0% used [0x00000000e1800000,0x00000000e1800000,0x00000000e7600000)
  from space 8192K, 0% used [0x00000000e7600000,0x00000000e7600000,0x00000000e7e00000)
  to   space 8704K, 0% used [0x00000000edc80000,0x00000000edc80000,0x00000000ee500000)
 ParOldGen       total 54272K, used 16462K [0x00000000a4800000, 0x00000000a7d00000, 0x00000000e1800000)
  object space 54272K, 30% used [0x00000000a4800000,0x00000000a5813b90,0x00000000a7d00000)
 Metaspace       used 20933K, capacity 21154K, committed 21296K, reserved 1069056K
  class space    used 2544K, capacity 2619K, committed 2688K, reserved 1048576K
}
Event: 3.016 GC heap before
{Heap before GC invocations=9 (full 1):
 PSYoungGen      total 104448K, used 96256K [0x00000000e1800000, 0x00000000ee500000, 0x0000000100000000)
  eden space 96256K, 100% used [0x00000000e1800000,0x00000000e7600000,0x00000000e7600000)
  from space 8192K, 0% used [0x00000000e7600000,0x00000000e7600000,0x00000000e7e00000)
  to   space 8704K, 0% used [0x00000000edc80000,0x00000000edc80000,0x00000000ee500000)
 ParOldGen       total 54272K, used 16462K [0x00000000a4800000, 0x00000000a7d00000, 0x00000000e1800000)
  object space 54272K, 30% used [0x00000000a4800000,0x00000000a5813b90,0x00000000a7d00000)
 Metaspace       used 25189K, capacity 25428K, committed 25856K, reserved 1071104K
  class space    used 3126K, capacity 3205K, committed 3328K, reserved 1048576K
Event: 3.026 GC heap after
Heap after GC invocations=9 (full 1):
 PSYoungGen      total 161280K, used 6695K [0x00000000e1800000, 0x00000000ee380000, 0x0000000100000000)
  eden space 154112K, 0% used [0x00000000e1800000,0x00000000e1800000,0x00000000eae80000)
  from space 7168K, 93% used [0x00000000edc80000,0x00000000ee309e70,0x00000000ee380000)
  to   space 8704K, 0% used [0x00000000ed280000,0x00000000ed280000,0x00000000edb00000)
 ParOldGen       total 54272K, used 16470K [0x00000000a4800000, 0x00000000a7d00000, 0x00000000e1800000)
  object space 54272K, 30% used [0x00000000a4800000,0x00000000a5815b90,0x00000000a7d00000)
 Metaspace       used 25189K, capacity 25428K, committed 25856K, reserved 1071104K
  class space    used 3126K, capacity 3205K, committed 3328K, reserved 1048576K
}
Event: 4.225 GC heap before
{Heap before GC invocations=10 (full 1):
 PSYoungGen      total 161280K, used 144475K [0x00000000e1800000, 0x00000000ee380000, 0x0000000100000000)
  eden space 154112K, 89% used [0x00000000e1800000,0x00000000e9e8cdb8,0x00000000eae80000)
  from space 7168K, 93% used [0x00000000edc80000,0x00000000ee309e70,0x00000000ee380000)
  to   space 8704K, 0% used [0x00000000ed280000,0x00000000ed280000,0x00000000edb00000)
 ParOldGen       total 54272K, used 16470K [0x00000000a4800000, 0x00000000a7d00000, 0x00000000e1800000)
  object space 54272K, 30% used [0x00000000a4800000,0x00000000a5815b90,0x00000000a7d00000)
 Metaspace       used 34955K, capacity 35208K, committed 35456K, reserved 1081344K
  class space    used 4384K, capacity 4455K, committed 4480K, reserved 1048576K
Event: 4.239 GC heap after
Heap after GC invocations=10 (full 1):
 PSYoungGen      total 199680K, used 8680K [0x00000000e1800000, 0x00000000ef900000, 0x0000000100000000)
  eden space 190976K, 0% used [0x00000000e1800000,0x00000000e1800000,0x00000000ed280000)
  from space 8704K, 99% used [0x00000000ed280000,0x00000000edafa0f0,0x00000000edb00000)
  to   space 11776K, 0% used [0x00000000eed80000,0x00000000eed80000,0x00000000ef900000)
 ParOldGen       total 54272K, used 22054K [0x00000000a4800000, 0x00000000a7d00000, 0x00000000e1800000)
  object space 54272K, 40% used [0x00000000a4800000,0x00000000a5d89b18,0x00000000a7d00000)
 Metaspace       used 34955K, capacity 35208K, committed 35456K, reserved 1081344K
  class space    used 4384K, capacity 4455K, committed 4480K, reserved 1048576K
}
Event: 4.239 GC heap before
{Heap before GC invocations=11 (full 2):
 PSYoungGen      total 199680K, used 8680K [0x00000000e1800000, 0x00000000ef900000, 0x0000000100000000)
  eden space 190976K, 0% used [0x00000000e1800000,0x00000000e1800000,0x00000000ed280000)
  from space 8704K, 99% used [0x00000000ed280000,0x00000000edafa0f0,0x00000000edb00000)
  to   space 11776K, 0% used [0x00000000eed80000,0x00000000eed80000,0x00000000ef900000)
 ParOldGen       total 54272K, used 22054K [0x00000000a4800000, 0x00000000a7d00000, 0x00000000e1800000)
  object space 54272K, 40% used [0x00000000a4800000,0x00000000a5d89b18,0x00000000a7d00000)
 Metaspace       used 34955K, capacity 35208K, committed 35456K, reserved 1081344K
  class space    used 4384K, capacity 4455K, committed 4480K, reserved 1048576K
Event: 4.315 GC heap after
Heap after GC invocations=11 (full 2):
 PSYoungGen      total 199680K, used 0K [0x00000000e1800000, 0x00000000ef900000, 0x0000000100000000)
  eden space 190976K, 0% used [0x00000000e1800000,0x00000000e1800000,0x00000000ed280000)
  from space 8704K, 0% used [0x00000000ed280000,0x00000000ed280000,0x00000000edb00000)
  to   space 11776K, 0% used [0x00000000eed80000,0x00000000eed80000,0x00000000ef900000)
 ParOldGen       total 81408K, used 23447K [0x00000000a4800000, 0x00000000a9780000, 0x00000000e1800000)
  object space 81408K, 28% used [0x00000000a4800000,0x00000000a5ee5c08,0x00000000a9780000)
 Metaspace       used 34955K, capacity 35208K, committed 35456K, reserved 1081344K
  class space    used 4384K, capacity 4455K, committed 4480K, reserved 1048576K
}
Event: 6.100 GC heap before
{Heap before GC invocations=12 (full 2):
 PSYoungGen      total 199680K, used 190976K [0x00000000e1800000, 0x00000000ef900000, 0x0000000100000000)
  eden space 190976K, 100% used [0x00000000e1800000,0x00000000ed280000,0x00000000ed280000)
  from space 8704K, 0% used [0x00000000ed280000,0x00000000ed280000,0x00000000edb00000)
  to   space 11776K, 0% used [0x00000000eed80000,0x00000000eed80000,0x00000000ef900000)
 ParOldGen       total 81408K, used 23447K [0x00000000a4800000, 0x00000000a9780000, 0x00000000e1800000)
  object space 81408K, 28% used [0x00000000a4800000,0x00000000a5ee5c08,0x00000000a9780000)
 Metaspace       used 45784K, capacity 46180K, committed 46720K, reserved 1089536K
  class space    used 5784K, capacity 5911K, committed 6016K, reserved 1048576K
Event: 6.123 GC heap after
Heap after GC invocations=12 (full 2):
 PSYoungGen      total 214528K, used 11775K [0x00000000e1800000, 0x00000000f2000000, 0x0000000100000000)
  eden space 202752K, 0% used [0x00000000e1800000,0x00000000e1800000,0x00000000ede00000)
  from space 11776K, 99% used [0x00000000eed80000,0x00000000ef8fffa0,0x00000000ef900000)
  to   space 15872K, 0% used [0x00000000ede00000,0x00000000ede00000,0x00000000eed80000)
 ParOldGen       total 81408K, used 30924K [0x00000000a4800000, 0x00000000a9780000, 0x00000000e1800000)
  object space 81408K, 37% used [0x00000000a4800000,0x00000000a66330a8,0x00000000a9780000)
 Metaspace       used 45784K, capacity 46180K, committed 46720K, reserved 1089536K
  class space    used 5784K, capacity 5911K, committed 6016K, reserved 1048576K
}

